Performing C SOURCE FILE Test CMAKE_HAVE_LIBC_PTHREAD failed with the following output:
Change Dir: /home/yuthika/Desktop/Tutorials_quarantine/cplusplus_concurrency/join_detach/cmake-build-debug/CMakeFiles/CMakeTmp

Run Build Command(s):/usr/bin/make cmTC_de1be/fast && /usr/bin/make -f CMakeFiles/cmTC_de1be.dir/build.make CMakeFiles/cmTC_de1be.dir/build
make[1]: Entering directory '/home/yuthika/Desktop/Tutorials_quarantine/cplusplus_concurrency/join_detach/cmake-build-debug/CMakeFiles/CMakeTmp'
Building C object CMakeFiles/cmTC_de1be.dir/src.c.o
/usr/bin/cc   -DCMAKE_HAVE_LIBC_PTHREAD   -o CMakeFiles/cmTC_de1be.dir/src.c.o   -c /home/yuthika/Desktop/Tutorials_quarantine/cplusplus_concurrency/join_detach/cmake-build-debug/CMakeFiles/CMakeTmp/src.c
Linking C executable cmTC_de1be
/home/yuthika/clion-2019.2.3/bin/cmake/linux/bin/cmake -E cmake_link_script CMakeFiles/cmTC_de1be.dir/link.txt --verbose=1
/usr/bin/cc  -DCMAKE_HAVE_LIBC_PTHREAD    CMakeFiles/cmTC_de1be.dir/src.c.o  -o cmTC_de1be 
CMakeFiles/cmTC_de1be.dir/src.c.o: In function `main':
src.c:(.text+0x3e): undefined reference to `pthread_create'
src.c:(.text+0x4a): undefined reference to `pthread_detach'
src.c:(.text+0x5b): undefined reference to `pthread_join'
collect2: error: ld returned 1 exit status
CMakeFiles/cmTC_de1be.dir/build.make:86: recipe for target 'cmTC_de1be' failed
make[1]: *** [cmTC_de1be] Error 1
make[1]: Leaving directory '/home/yuthika/Desktop/Tutorials_quarantine/cplusplus_concurrency/join_detach/cmake-build-debug/CMakeFiles/CMakeTmp'
Makefile:121: recipe for target 'cmTC_de1be/fast' failed
make: *** [cmTC_de1be/fast] Error 2


Source file was:
#include <pthread.h>

void* test_func(void* data)
{
  return data;
}

int main(void)
{
  pthread_t thread;
  pthread_create(&thread, NULL, test_func, NULL);
  pthread_detach(thread);
  pthread_join(thread, NULL);
  pthread_atfork(NULL, NULL, NULL);
  pthread_exit(NULL);

  return 0;
}

Determining if the function pthread_create exists in the pthreads failed with the following output:
Change Dir: /home/yuthika/Desktop/Tutorials_quarantine/cplusplus_concurrency/join_detach/cmake-build-debug/CMakeFiles/CMakeTmp

Run Build Command(s):/usr/bin/make cmTC_07de2/fast && /usr/bin/make -f CMakeFiles/cmTC_07de2.dir/build.make CMakeFiles/cmTC_07de2.dir/build
make[1]: Entering directory '/home/yuthika/Desktop/Tutorials_quarantine/cplusplus_concurrency/join_detach/cmake-build-debug/CMakeFiles/CMakeTmp'
Building C object CMakeFiles/cmTC_07de2.dir/CheckFunctionExists.c.o
/usr/bin/cc   -DCHECK_FUNCTION_EXISTS=pthread_create   -o CMakeFiles/cmTC_07de2.dir/CheckFunctionExists.c.o   -c /home/yuthika/clion-2019.2.3/bin/cmake/linux/share/cmake-3.16/Modules/CheckFunctionExists.c
Linking C executable cmTC_07de2
/home/yuthika/clion-2019.2.3/bin/cmake/linux/bin/cmake -E cmake_link_script CMakeFiles/cmTC_07de2.dir/link.txt --verbose=1
/usr/bin/cc  -DCHECK_FUNCTION_EXISTS=pthread_create    CMakeFiles/cmTC_07de2.dir/CheckFunctionExists.c.o  -o cmTC_07de2  -lpthreads 
/usr/bin/ld: cannot find -lpthreads
collect2: error: ld returned 1 exit status
CMakeFiles/cmTC_07de2.dir/build.make:86: recipe for target 'cmTC_07de2' failed
make[1]: *** [cmTC_07de2] Error 1
make[1]: Leaving directory '/home/yuthika/Desktop/Tutorials_quarantine/cplusplus_concurrency/join_detach/cmake-build-debug/CMakeFiles/CMakeTmp'
Makefile:121: recipe for target 'cmTC_07de2/fast' failed
make: *** [cmTC_07de2/fast] Error 2



